<?xml version="1.0" encoding="UTF-8"?>
<!-- Generated by org.testng.reporters.JUnitReportReporter -->
<testsuite hostname="DESKTOP-7PPO5N6" failures="0" tests="1" name="tests.LoginTest" time="13.833" errors="0" timestamp="2025-04-17T17:18:54 IST" skipped="0">
  <testcase classname="tests.LoginTest" name="loginTest" time="13.833"/>
  <system-out/>
</testsuite> <!-- tests.LoginTest -->
