<?xml version="1.0" encoding="UTF-8"?>
<!-- Generated by org.testng.reporters.JUnitReportReporter -->
<testsuite hostname="DESKTOP-7PPO5N6" failures="0" tests="2" name="tests.LoginTest" time="219.355" errors="0" timestamp="2025-04-22T17:58:16 IST" skipped="0">
  <testcase classname="tests.LoginTest" name="loginTest" time="14.566"/>
  <system-out/>
  <testcase classname="tests.LoginTest" name="loginTest" time="204.789"/>
  <system-out/>
</testsuite> <!-- tests.LoginTest -->
