<?xml version="1.0" encoding="UTF-8"?>
<!-- Generated by org.testng.reporters.JUnitReportReporter -->
<testsuite hostname="DESKTOP-7PPO5N6" failures="0" tests="1" name="tests.TestCheck" time="3.728" errors="0" timestamp="2025-04-16T17:04:40 IST" skipped="0">
  <testcase classname="tests.TestCheck" name="openGoogle" time="3.728"/>
  <system-out/>
</testsuite> <!-- tests.TestCheck -->
