<?xml version="1.0" encoding="UTF-8"?>
<!-- Generated by org.testng.reporters.JUnitReportReporter -->
<testsuite hostname="DESKTOP-7PPO5N6" failures="0" tests="1" name="tests.LoginTest" time="10.256" errors="0" timestamp="2025-04-17T17:16:14 IST" skipped="0">
  <testcase classname="tests.LoginTest" name="loginTest" time="10.256"/>
</testsuite> <!-- tests.LoginTest -->
